#
# There is insufficient memory for the Java Runtime Environment to continue.
# Native memory allocation (mmap) failed to map 234881024 bytes for G1 virtual space
# Possible reasons:
#   The system is out of physical RAM or swap space
#   The process is running with CompressedOops enabled, and the Java Heap may be blocking the growth of the native heap
# Possible solutions:
#   Reduce memory load on the system
#   Increase physical memory or swap space
#   Check if swap backing store is full
#   Decrease Java heap size (-Xmx/-Xms)
#   Decrease number of Java threads
#   Decrease Java thread stack sizes (-Xss)
#   Set larger code cache with -XX:ReservedCodeCacheSize=
#   JVM is running with Zero Based Compressed Oops mode in which the Java heap is
#     placed in the first 32GB address space. The Java Heap base address is the
#     maximum limit for the native heap growth. Please use -XX:HeapBaseMinAddress
#     to set the Java Heap base and to place the Java Heap above 32GB virtual address.
# This output file may be truncated or incomplete.
#
#  Out of Memory Error (os_windows.cpp:3527), pid=10768, tid=2980
#
# JRE version:  (19.0.1+10) (build )
# Java VM: Java HotSpot(TM) 64-Bit Server VM (19.0.1+10-21, mixed mode, sharing, tiered, compressed oops, compressed class ptrs, g1 gc, windows-amd64)
# No core dump will be written. Minidumps are not enabled by default on client versions of Windows
#

---------------  S U M M A R Y ------------

Command Line: -Dfile.encoding=UTF-8 Main

Host: AMD Ryzen 5 3400G with Radeon Vega Graphics    , 8 cores, 13G,  Windows 11 , 64 bit Build 22621 (10.0.22621.1485)
Time: Fri May  5 13:22:55 2023 China Standard Time elapsed time: 0.012671 seconds (0d 0h 0m 0s)

---------------  T H R E A D  ---------------

Current thread (0x00000264c395a2b0):  JavaThread "Unknown thread" [_thread_in_vm, id=2980, stack(0x0000009225e00000,0x0000009225f00000)]

Stack: [0x0000009225e00000,0x0000009225f00000]
Native frames: (J=compiled Java code, j=interpreted, Vv=VM code, C=native code)
V  [jvm.dll+0x6ee8fa]
V  [jvm.dll+0x857a1e]
V  [jvm.dll+0x85940e]
V  [jvm.dll+0x859ac3]
V  [jvm.dll+0x28291f]
V  [jvm.dll+0x6eb6e9]
V  [jvm.dll+0x6e028a]
V  [jvm.dll+0x357136]
V  [jvm.dll+0x35eb96]
V  [jvm.dll+0x3b555e]
V  [jvm.dll+0x3b578f]
V  [jvm.dll+0x32c6ea]
V  [jvm.dll+0x32d59e]
V  [jvm.dll+0x821b20]
V  [jvm.dll+0x3c27c1]
V  [jvm.dll+0x8022f1]
V  [jvm.dll+0x44b30f]
V  [jvm.dll+0x44cc91]
C  [jli.dll+0x5287]
C  [ucrtbase.dll+0x29363]
C  [KERNEL32.DLL+0x1269d]
C  [ntdll.dll+0x5a9f8]


---------------  P R O C E S S  ---------------

Threads class SMR info:
_java_thread_list=0x00007ff8d433d048, length=0, elements={
}

Java Threads: ( => current thread )

Other Threads:
  0x00000264c39c3740 WorkerThread "GC Thread#0" [stack: 0x0000009225f00000,0x0000009226000000] [id=16356]
  0x00000264c39d24e0 ConcurrentGCThread "G1 Main Marker" [stack: 0x0000009226000000,0x0000009226100000] [id=13792]
  0x00000264c39d3110 WorkerThread "G1 Conc#0" [stack: 0x0000009226100000,0x0000009226200000] [id=6812]

[error occurred during error reporting (printing all threads), id 0xc0000005, EXCEPTION_ACCESS_VIOLATION (0xc0000005) at pc=0x00007ff8d3afd127]

VM state: not at safepoint (not fully initialized)

VM Mutex/Monitor currently owned by a thread:  ([mutex/lock_event])
[0x00000264c3955f00] Heap_lock - owner thread: 0x00000264c395a2b0

Heap address: 0x0000000720c00000, size: 3572 MB, Compressed Oops mode: Zero based, Oop shift amount: 3

CDS archive(s) mapped at: [0x0000000000000000-0x0000000000000000-0x0000000000000000), size 0, SharedBaseAddress: 0x0000000800000000, ArchiveRelocationMode: 0.
Narrow klass base: 0x0000000000000000, Narrow klass shift: 0, Narrow klass range: 0x0

GC Precious Log:
 CardTable entry size: 512
 Card Set container configuration: InlinePtr #cards 4 size 8 Array Of Cards #cards 16 size 48 Howl #buckets 8 coarsen threshold 3686 Howl Bitmap #cards 512 size 80 coarsen threshold 460 Card regions per heap region 1 cards per card region 4096

Heap:
 garbage-first heap   total 0K, used 0K [0x0000000720c00000, 0x0000000800000000)
  region size 2048K, 0 young (0K), 0 survivors (0K)

[error occurred during error reporting (printing heap information), id 0xc0000005, EXCEPTION_ACCESS_VIOLATION (0xc0000005) at pc=0x00007ff8d3f06959]

GC Heap History (0 events):
No events

Dll operation events (1 events):
Event: 0.009 Loaded shared library C:\Program Files\Java\jdk-19\bin\java.dll

Deoptimization events (0 events):
No events

Classes loaded (0 events):
No events

Classes unloaded (0 events):
No events

Classes redefined (0 events):
No events

Internal exceptions (0 events):
No events

VM Operations (0 events):
No events

Events (0 events):
No events


Dynamic libraries:
0x00007ff6aae60000 - 0x00007ff6aae70000 	C:\Program Files\Java\jdk-19\bin\java.exe
0x00007ff9266d0000 - 0x00007ff9268e4000 	C:\WINDOWS\SYSTEM32\ntdll.dll
0x00007ff9265c0000 - 0x00007ff926682000 	C:\WINDOWS\System32\KERNEL32.DLL
0x00007ff923d70000 - 0x00007ff92410c000 	C:\WINDOWS\System32\KERNELBASE.dll
0x00007ff913660000 - 0x00007ff913678000 	C:\Program Files\Java\jdk-19\bin\jli.dll
0x00007ff923c20000 - 0x00007ff923d31000 	C:\WINDOWS\System32\ucrtbase.dll
0x00007ff8fff30000 - 0x00007ff8fff4b000 	C:\Program Files\Java\jdk-19\bin\VCRUNTIME140.dll
0x00007ff9250b0000 - 0x00007ff92515e000 	C:\WINDOWS\System32\ADVAPI32.dll
0x00007ff926450000 - 0x00007ff9264f7000 	C:\WINDOWS\System32\msvcrt.dll
0x00007ff925810000 - 0x00007ff9258b4000 	C:\WINDOWS\System32\sechost.dll
0x00007ff925160000 - 0x00007ff925277000 	C:\WINDOWS\System32\RPCRT4.dll
0x00007ff9258e0000 - 0x00007ff925a8b000 	C:\WINDOWS\System32\USER32.dll
0x00007ff90db40000 - 0x00007ff90ddce000 	C:\WINDOWS\WinSxS\amd64_microsoft.windows.common-controls_6595b64144ccf1df_6.0.22621.608_none_a9444ca7c10bb01d\COMCTL32.dll
0x00007ff923d40000 - 0x00007ff923d66000 	C:\WINDOWS\System32\win32u.dll
0x00007ff925280000 - 0x00007ff9252a9000 	C:\WINDOWS\System32\GDI32.dll
0x00007ff924300000 - 0x00007ff924413000 	C:\WINDOWS\System32\gdi32full.dll
0x00007ff91c6c0000 - 0x00007ff91c6ca000 	C:\WINDOWS\SYSTEM32\VERSION.dll
0x00007ff923b10000 - 0x00007ff923baa000 	C:\WINDOWS\System32\msvcp_win.dll
0x00007ff925620000 - 0x00007ff925651000 	C:\WINDOWS\System32\IMM32.DLL
0x00007ff918330000 - 0x00007ff91833c000 	C:\Program Files\Java\jdk-19\bin\vcruntime140_1.dll
0x00007ff8f2020000 - 0x00007ff8f20ae000 	C:\Program Files\Java\jdk-19\bin\msvcp140.dll
0x00007ff8d37c0000 - 0x00007ff8d4480000 	C:\Program Files\Java\jdk-19\bin\server\jvm.dll
0x00007ff91c680000 - 0x00007ff91c6b4000 	C:\WINDOWS\SYSTEM32\WINMM.dll
0x00007ff90b9b0000 - 0x00007ff90b9b9000 	C:\WINDOWS\SYSTEM32\WSOCK32.dll
0x00007ff9254f0000 - 0x00007ff925561000 	C:\WINDOWS\System32\WS2_32.dll
0x00007ff922b60000 - 0x00007ff922b78000 	C:\WINDOWS\SYSTEM32\kernel.appcore.dll
0x00007ff90d2a0000 - 0x00007ff90d2aa000 	C:\Program Files\Java\jdk-19\bin\jimage.dll
0x00007ff921270000 - 0x00007ff92149e000 	C:\WINDOWS\SYSTEM32\DBGHELP.DLL
0x00007ff924d20000 - 0x00007ff9250a9000 	C:\WINDOWS\System32\combase.dll
0x00007ff9253b0000 - 0x00007ff925487000 	C:\WINDOWS\System32\OLEAUT32.dll
0x00007ff90ede0000 - 0x00007ff90ee12000 	C:\WINDOWS\SYSTEM32\dbgcore.DLL
0x00007ff924280000 - 0x00007ff9242fb000 	C:\WINDOWS\System32\bcryptPrimitives.dll
0x00007ff8f4ee0000 - 0x00007ff8f4f06000 	C:\Program Files\Java\jdk-19\bin\java.dll

dbghelp: loaded successfully - version: 4.0.5 - missing functions: none
symbol engine: initialized successfully - sym options: 0x614 - pdb path: .;C:\Program Files\Java\jdk-19\bin;C:\WINDOWS\SYSTEM32;C:\WINDOWS\WinSxS\amd64_microsoft.windows.common-controls_6595b64144ccf1df_6.0.22621.608_none_a9444ca7c10bb01d;C:\Program Files\Java\jdk-19\bin\server

VM Arguments:
jvm_args: -Dfile.encoding=UTF-8 
java_command: Main
java_class_path (initial): C:\Users\Nekro\OneDrive\Documents\NetBeansProjects\nonan game src\build\classes
Launcher Type: SUN_STANDARD

[Global flags]
     intx CICompilerCount                          = 4                                         {product} {ergonomic}
     uint ConcGCThreads                            = 2                                         {product} {ergonomic}
     uint G1ConcRefinementThreads                  = 8                                         {product} {ergonomic}
   size_t G1HeapRegionSize                         = 2097152                                   {product} {ergonomic}
    uintx GCDrainStackTargetSize                   = 64                                        {product} {ergonomic}
   size_t InitialHeapSize                          = 234881024                                 {product} {ergonomic}
   size_t MarkStackSize                            = 4194304                                   {product} {ergonomic}
   size_t MaxHeapSize                              = 3745513472                                {product} {ergonomic}
   size_t MinHeapDeltaBytes                        = 2097152                                   {product} {ergonomic}
   size_t MinHeapSize                              = 8388608                                   {product} {ergonomic}
    uintx NonNMethodCodeHeapSize                   = 5839372                                {pd product} {ergonomic}
    uintx NonProfiledCodeHeapSize                  = 122909434                              {pd product} {ergonomic}
    uintx ProfiledCodeHeapSize                     = 122909434                              {pd product} {ergonomic}
    uintx ReservedCodeCacheSize                    = 251658240                              {pd product} {ergonomic}
     bool SegmentedCodeCache                       = true                                      {product} {ergonomic}
   size_t SoftMaxHeapSize                          = 3745513472                             {manageable} {ergonomic}
     bool UseCompressedClassPointers               = true                           {product lp64_product} {ergonomic}
     bool UseCompressedOops                        = true                           {product lp64_product} {ergonomic}
     bool UseG1GC                                  = true                                      {product} {ergonomic}
     bool UseLargePagesIndividualAllocation        = false                                  {pd product} {ergonomic}

Logging:
Log output configuration:
 #0: stdout all=warning uptime,level,tags foldmultilines=false
 #1: stderr all=off uptime,level,tags foldmultilines=false

Environment Variables:
PATH=C:\Program Files\Common Files\Oracle\Java\javapath;C:\Program Files (x86)\Razer Chroma SDK\bin;C:\Program Files\Razer Chroma SDK\bin;C:\Program Files (x86)\Razer\ChromaBroadcast\bin;C:\Program Files\Razer\ChromaBroadcast\bin;C:\ProgramData\Oracle\Java\javapath;C:\WINDOWS\system32;C:\WINDOWS;C:\WINDOWS\System32\Wbem;C:\WINDOWS\System32\WindowsPowerShell\v1.0\;C:\WINDOWS\System32\OpenSSH\;C:\Program Files (x86)\dotnet\;C:\Program Files\dotnet\;C:\Users\Nekro\AppData\Local\Microsoft\WindowsApps;C:\WINDOWS\system32\config\systemprofile\AppData\Local\Microsoft\WindowsApps;C:\WINDOWS\system32;C:\WINDOWS;C:\WINDOWS\System32\Wbem;C:\WINDOWS\System32\WindowsPowerShell\v1.0\;C:\WINDOWS\System32\OpenSSH\;C:\Users\Nekro\AppData\Local\Microsoft\WindowsApps;C:\Users\Nekro\AppData\Local\Programs\Microsoft VS Code\bin;
USERNAME=Nekro
OS=Windows_NT
PROCESSOR_IDENTIFIER=AMD64 Family 23 Model 24 Stepping 1, AuthenticAMD
TMP=C:\Users\Nekro\AppData\Local\Temp
TEMP=C:\Users\Nekro\AppData\Local\Temp



---------------  S Y S T E M  ---------------

OS:
 Windows 11 , 64 bit Build 22621 (10.0.22621.1485)
OS uptime: 1 days 14:02 hours

CPU: total 8 (initial active 8) (8 cores per cpu, 2 threads per core) family 23 model 24 stepping 1 microcode 0x0, cx8, cmov, fxsr, ht, mmx, 3dnowpref, sse, sse2, sse3, ssse3, sse4a, sse4.1, sse4.2, popcnt, lzcnt, tsc, tscinvbit, avx, avx2, aes, clmul, bmi1, bmi2, adx, sha, fma, vzeroupper, clflush, clflushopt, rdtscp

Memory: 4k page, system-wide physical 14283M (5359M free)
TotalPageFile size 16652M (AvailPageFile size 165M)
current process WorkingSet (physical memory assigned to process): 11M, peak: 11M
current process commit charge ("private bytes"): 60M, peak: 284M

vm_info: Java HotSpot(TM) 64-Bit Server VM (19.0.1+10-21) for windows-amd64 JRE (19.0.1+10-21), built on 2022-09-14T12:45:06Z by "mach5one" with MS VC++ 17.1 (VS2022)

END.
