#
# There is insufficient memory for the Java Runtime Environment to continue.
# Native memory allocation (malloc) failed to allocate 40976 bytes for Chunk::new
# Possible reasons:
#   The system is out of physical RAM or swap space
#   The process is running with CompressedOops enabled, and the Java Heap may be blocking the growth of the native heap
# Possible solutions:
#   Reduce memory load on the system
#   Increase physical memory or swap space
#   Check if swap backing store is full
#   Decrease Java heap size (-Xmx/-Xms)
#   Decrease number of Java threads
#   Decrease Java thread stack sizes (-Xss)
#   Set larger code cache with -XX:ReservedCodeCacheSize=
#   JVM is running with Zero Based Compressed Oops mode in which the Java heap is
#     placed in the first 32GB address space. The Java Heap base address is the
#     maximum limit for the native heap growth. Please use -XX:HeapBaseMinAddress
#     to set the Java Heap base and to place the Java Heap above 32GB virtual address.
# This output file may be truncated or incomplete.
#
#  Out of Memory Error (arena.cpp:184), pid=1692, tid=4336
#
# JRE version: Java(TM) SE Runtime Environment (19.0.1+10) (build 19.0.1+10-21)
# Java VM: Java HotSpot(TM) 64-Bit Server VM (19.0.1+10-21, mixed mode, sharing, tiered, compressed oops, compressed class ptrs, g1 gc, windows-amd64)
# No core dump will be written. Minidumps are not enabled by default on client versions of Windows
#

---------------  S U M M A R Y ------------

Command Line: -Dapplication.home=C:\Program Files\Java\jdk-19 --add-modules=ALL-DEFAULT -Xms8m -Djdk.module.main=jdk.compiler jdk.compiler/com.sun.tools.javac.Main -d C:\Users\Nekro\OneDrive\Documents\NetBeansProjects\nonan game src\build\classes -classpath C:\Users\Nekro\OneDrive\Documents\NetBeansProjects\nonan game src\build\classes -sourcepath C:\Users\Nekro\OneDrive\Documents\NetBeansProjects\nonan game src\src -target 1.8 -encoding UTF-8 -g -processorpath C:\Users\Nekro\OneDrive\Documents\NetBeansProjects\nonan game src\build\empty -s C:\Users\Nekro\OneDrive\Documents\NetBeansProjects\nonan game src\build\generated-sources\ap-source-output -source 1.8 C:\Users\Nekro\OneDrive\Documents\NetBeansProjects\nonan game src\src\Menu.java

Host: AMD Ryzen 5 3400G with Radeon Vega Graphics    , 8 cores, 13G,  Windows 11 , 64 bit Build 22621 (10.0.22621.1485)
Time: Fri May  5 13:21:37 2023 China Standard Time elapsed time: 0.841831 seconds (0d 0h 0m 0s)

---------------  T H R E A D  ---------------

Current thread (0x000001433d80c580):  JavaThread "C2 CompilerThread2" daemon [_thread_in_native, id=4336, stack(0x0000003dad300000,0x0000003dad400000)]


Current CompileTask:
C2:    841 1577       4       com.sun.tools.javac.comp.Resolve::findMemberType (33 bytes)

Stack: [0x0000003dad300000,0x0000003dad400000]
Native frames: (J=compiled Java code, j=interpreted, Vv=VM code, C=native code)
V  [jvm.dll+0x6ee8fa]
V  [jvm.dll+0x857a1e]
V  [jvm.dll+0x85940e]
V  [jvm.dll+0x859ac3]
V  [jvm.dll+0x28291f]
V  [jvm.dll+0xc9b5f]
V  [jvm.dll+0xc9ee5]
V  [jvm.dll+0x5d140b]
V  [jvm.dll+0x386230]
V  [jvm.dll+0x38567a]
V  [jvm.dll+0x24c2c9]
V  [jvm.dll+0x24b671]
V  [jvm.dll+0x1d6d61]
V  [jvm.dll+0x25b0fa]
V  [jvm.dll+0x259588]
V  [jvm.dll+0x807928]
V  [jvm.dll+0x8015fa]
V  [jvm.dll+0x6ed5eb]
C  [ucrtbase.dll+0x29363]
C  [KERNEL32.DLL+0x1269d]
C  [ntdll.dll+0x5a9f8]


---------------  P R O C E S S  ---------------

Threads class SMR info:
_java_thread_list=0x000001433d210360, length=14, elements={
0x0000014316bd9be0, 0x0000014338cda190, 0x0000014338cdad60, 0x0000014338cdfdb0,
0x0000014338ce2890, 0x0000014338ce81f0, 0x0000014338ce5770, 0x0000014338cf4100,
0x0000014338cff980, 0x0000014338ce6760, 0x0000014338ce7ca0, 0x0000014338ce8740,
0x000001433d80e150, 0x000001433d80c580
}

Java Threads: ( => current thread )
  0x0000014316bd9be0 JavaThread "main" [_thread_in_vm, id=16504, stack(0x0000003dab800000,0x0000003dab900000)]
  0x0000014338cda190 JavaThread "Reference Handler" daemon [_thread_blocked, id=8092, stack(0x0000003dabf00000,0x0000003dac000000)]
  0x0000014338cdad60 JavaThread "Finalizer" daemon [_thread_blocked, id=16284, stack(0x0000003dac000000,0x0000003dac100000)]
  0x0000014338cdfdb0 JavaThread "Signal Dispatcher" daemon [_thread_blocked, id=10192, stack(0x0000003dac100000,0x0000003dac200000)]
  0x0000014338ce2890 JavaThread "Attach Listener" daemon [_thread_blocked, id=6484, stack(0x0000003dac200000,0x0000003dac300000)]
  0x0000014338ce81f0 JavaThread "Service Thread" daemon [_thread_blocked, id=11624, stack(0x0000003dac300000,0x0000003dac400000)]
  0x0000014338ce5770 JavaThread "Monitor Deflation Thread" daemon [_thread_blocked, id=16556, stack(0x0000003dac400000,0x0000003dac500000)]
  0x0000014338cf4100 JavaThread "C2 CompilerThread0" daemon [_thread_in_native, id=9988, stack(0x0000003dac500000,0x0000003dac600000)]
  0x0000014338cff980 JavaThread "C1 CompilerThread0" daemon [_thread_blocked, id=13540, stack(0x0000003dac600000,0x0000003dac700000)]
  0x0000014338ce6760 JavaThread "Sweeper thread" daemon [_thread_blocked, id=7116, stack(0x0000003dac700000,0x0000003dac800000)]
  0x0000014338ce7ca0 JavaThread "Common-Cleaner" daemon [_thread_blocked, id=15532, stack(0x0000003dac800000,0x0000003dac900000)]
  0x0000014338ce8740 JavaThread "Notification Thread" daemon [_thread_blocked, id=5936, stack(0x0000003dac900000,0x0000003daca00000)]
  0x000001433d80e150 JavaThread "C2 CompilerThread1" daemon [_thread_in_native, id=15244, stack(0x0000003dad100000,0x0000003dad200000)]
=>0x000001433d80c580 JavaThread "C2 CompilerThread2" daemon [_thread_in_native, id=4336, stack(0x0000003dad300000,0x0000003dad400000)]

Other Threads:
  0x0000014316c9eb60 VMThread "VM Thread" [stack: 0x0000003dabe00000,0x0000003dabf00000] [id=2368]
  0x000001433d0dacb0 WatcherThread "VM Periodic Task Thread" [stack: 0x0000003daca00000,0x0000003dacb00000] [id=12104]
  0x0000014316c42010 WorkerThread "GC Thread#0" [stack: 0x0000003dab900000,0x0000003daba00000] [id=6032]
  0x000001433d2393a0 WorkerThread "GC Thread#1" [stack: 0x0000003dacb00000,0x0000003dacc00000] [id=2780]
  0x000001433d255fc0 WorkerThread "GC Thread#2" [stack: 0x0000003dacc00000,0x0000003dacd00000] [id=6376]
  0x000001433d2566a0 WorkerThread "GC Thread#3" [stack: 0x0000003dacd00000,0x0000003dace00000] [id=7752]
  0x000001433d3d5c30 WorkerThread "GC Thread#4" [stack: 0x0000003dace00000,0x0000003dacf00000] [id=8412]
  0x000001433d3d5f00 WorkerThread "GC Thread#5" [stack: 0x0000003dacf00000,0x0000003dad000000] [id=10008]
  0x000001433d3d7b70 WorkerThread "GC Thread#6" [stack: 0x0000003dad000000,0x0000003dad100000] [id=1208]
  0x000001433d3d6d60 WorkerThread "GC Thread#7" [stack: 0x0000003dad200000,0x0000003dad300000] [id=7724]
  0x0000014316c50dc0 ConcurrentGCThread "G1 Main Marker" [stack: 0x0000003daba00000,0x0000003dabb00000] [id=1588]
  0x0000014316c51a00 WorkerThread "G1 Conc#0" [stack: 0x0000003dabb00000,0x0000003dabc00000] [id=7468]
  0x0000014316c7d130 ConcurrentGCThread "G1 Refine#0" [stack: 0x0000003dabc00000,0x0000003dabd00000] [id=2852]
  0x0000014316c7ea30 ConcurrentGCThread "G1 Service" [stack: 0x0000003dabd00000,0x0000003dabe00000] [id=16068]

Threads with active compile tasks:
C2 CompilerThread0      860 1560       4       com.sun.tools.javac.comp.Resolve::findField (316 bytes)
C2 CompilerThread1      860 1537       4       com.sun.tools.javac.comp.Resolve::findInheritedMemberType (186 bytes)
C2 CompilerThread2      860 1577       4       com.sun.tools.javac.comp.Resolve::findMemberType (33 bytes)

VM state: not at safepoint (normal execution)

VM Mutex/Monitor currently owned by a thread: None

Heap address: 0x0000000720c00000, size: 3572 MB, Compressed Oops mode: Zero based, Oop shift amount: 3

CDS archive(s) mapped at: [0x0000000800000000-0x0000000800c40000-0x0000000800c40000), size 12845056, SharedBaseAddress: 0x0000000800000000, ArchiveRelocationMode: 0.
Compressed class space mapped at: 0x0000000801000000-0x0000000841000000, reserved size: 1073741824
Narrow klass base: 0x0000000800000000, Narrow klass shift: 0, Narrow klass range: 0x100000000

GC Precious Log:
 CardTable entry size: 512
 Card Set container configuration: InlinePtr #cards 4 size 8 Array Of Cards #cards 16 size 48 Howl #buckets 8 coarsen threshold 3686 Howl Bitmap #cards 512 size 80 coarsen threshold 460 Card regions per heap region 1 cards per card region 4096
 CPUs: 8 total, 8 available
 Memory: 14283M
 Large Page Support: Disabled
 NUMA Support: Disabled
 Compressed Oops: Enabled (Zero based)
 Heap Region Size: 2M
 Heap Min Capacity: 8M
 Heap Initial Capacity: 8M
 Heap Max Capacity: 3572M
 Pre-touch: Disabled
 Parallel Workers: 8
 Concurrent Workers: 2
 Concurrent Refinement Workers: 8
 Periodic GC: Disabled

Heap:
 garbage-first heap   total 24576K, used 9682K [0x0000000720c00000, 0x0000000800000000)
  region size 2048K, 3 young (6144K), 1 survivors (2048K)
 Metaspace       used 9498K, committed 9728K, reserved 1114112K
  class space    used 1023K, committed 1152K, reserved 1048576K

Heap Regions: E=young(eden), S=young(survivor), O=old, HS=humongous(starts), HC=humongous(continues), CS=collection set, F=free, OA=open archive, CA=closed archive, TAMS=top-at-mark-start (previous, next)
|   0|0x0000000720c00000, 0x0000000720e00000, 0x0000000720e00000|100%| O|  |TAMS 0x0000000720c00000, 0x0000000720c00000| Untracked 
|   1|0x0000000720e00000, 0x0000000721000000, 0x0000000721000000|100%| O|  |TAMS 0x0000000720e00000, 0x0000000720e00000| Untracked 
|   2|0x0000000721000000, 0x0000000721200000, 0x0000000721200000|100%| O|  |TAMS 0x0000000721000000, 0x0000000721000000| Untracked 
|   3|0x0000000721200000, 0x000000072126a000, 0x0000000721400000| 20%| O|  |TAMS 0x0000000721200000, 0x0000000721200000| Untracked 
|   4|0x0000000721400000, 0x0000000721400000, 0x0000000721600000|  0%| F|  |TAMS 0x0000000721400000, 0x0000000721400000| Untracked 
|   5|0x0000000721600000, 0x0000000721600000, 0x0000000721800000|  0%| F|  |TAMS 0x0000000721600000, 0x0000000721600000| Untracked 
|   6|0x0000000721800000, 0x0000000721800000, 0x0000000721a00000|  0%| F|  |TAMS 0x0000000721800000, 0x0000000721800000| Untracked 
|   7|0x0000000721a00000, 0x0000000721a00000, 0x0000000721c00000|  0%| F|  |TAMS 0x0000000721a00000, 0x0000000721a00000| Untracked 
|   8|0x0000000721c00000, 0x0000000721d0aba8, 0x0000000721e00000| 52%| S|CS|TAMS 0x0000000721c00000, 0x0000000721c00000| Complete 
|   9|0x0000000721e00000, 0x0000000721e00000, 0x0000000722000000|  0%| F|  |TAMS 0x0000000721e00000, 0x0000000721e00000| Untracked 
|  10|0x0000000722000000, 0x0000000722050858, 0x0000000722200000| 15%| E|  |TAMS 0x0000000722000000, 0x0000000722000000| Complete 
|  11|0x0000000722200000, 0x0000000722400000, 0x0000000722400000|100%| E|CS|TAMS 0x0000000722200000, 0x0000000722200000| Complete 

Card table byte_map: [0x000001432e580000,0x000001432ec80000] _byte_map_base: 0x000001432ac7a000

Marking Bits (Prev, Next): (CMBitMap*) 0x0000014316c42550, (CMBitMap*) 0x0000014316c42590
 Prev Bits: [0x000001432f380000, 0x0000014332b50000)
 Next Bits: [0x0000014332b50000, 0x0000014336320000)

Polling page: 0x00000143163a0000

Metaspace:

Usage:
  Non-class:      8.28 MB used.
      Class:   1023.84 KB used.
       Both:      9.28 MB used.

Virtual space:
  Non-class space:       64.00 MB reserved,       8.38 MB ( 13%) committed,  1 nodes.
      Class space:        1.00 GB reserved,       1.12 MB ( <1%) committed,  1 nodes.
             Both:        1.06 GB reserved,       9.50 MB ( <1%) committed. 

Chunk freelists:
   Non-Class:  1.33 MB
       Class:  2.86 MB
        Both:  4.19 MB

MaxMetaspaceSize: unlimited
CompressedClassSpaceSize: 1.00 GB
Initial GC threshold: 21.00 MB
Current GC threshold: 21.00 MB
CDS: on
MetaspaceReclaimPolicy: balanced
 - commit_granule_bytes: 65536.
 - commit_granule_words: 8192.
 - virtual_space_node_default_size: 8388608.
 - enlarge_chunks_in_place: 1.
 - new_chunks_are_fully_committed: 0.
 - uncommit_free_chunks: 1.
 - use_allocation_guard: 0.


Internal statistics:

num_allocs_failed_limit: 0.
num_arena_births: 72.
num_arena_deaths: 0.
num_vsnodes_births: 2.
num_vsnodes_deaths: 0.
num_space_committed: 152.
num_space_uncommitted: 0.
num_chunks_returned_to_freelist: 0.
num_chunks_taken_from_freelist: 388.
num_chunk_merges: 0.
num_chunk_splits: 279.
num_chunks_enlarged: 235.
num_inconsistent_stats: 0.

CodeHeap 'non-profiled nmethods': size=120000Kb used=555Kb max_used=555Kb free=119444Kb
 bounds [0x0000014326610000, 0x0000014326880000, 0x000001432db40000]
CodeHeap 'profiled nmethods': size=120000Kb used=3189Kb max_used=3189Kb free=116810Kb
 bounds [0x000001431eb40000, 0x000001431ee60000, 0x0000014326070000]
CodeHeap 'non-nmethods': size=5760Kb used=1223Kb max_used=1262Kb free=4536Kb
 bounds [0x0000014326070000, 0x00000143262e0000, 0x0000014326610000]
 total_blobs=2082 nmethods=1656 adapters=336
 compilation: enabled
              stopped_count=0, restarted_count=0
 full_count=0

Compilation events (20 events):
Event: 0.834 Thread 0x0000014338cff980 nmethod 1613 0x000001431ee42910 code [0x000001431ee42ac0, 0x000001431ee42ca8]
Event: 0.834 Thread 0x0000014338cff980 1611       3       com.sun.tools.javac.tree.JCTree$JCExpressionStatement::getTag (4 bytes)
Event: 0.834 Thread 0x0000014338cff980 nmethod 1611 0x000001431ee42d90 code [0x000001431ee42f20, 0x000001431ee43038]
Event: 0.834 Thread 0x0000014338cff980 1610       3       com.sun.tools.javac.jvm.ClassReader::optPoolEntry (16 bytes)
Event: 0.834 Thread 0x0000014338cff980 nmethod 1610 0x000001431ee43110 code [0x000001431ee432c0, 0x000001431ee434e8]
Event: 0.834 Thread 0x0000014338cff980 1614       3       com.sun.tools.javac.tree.TreeScanner::visitApply (25 bytes)
Event: 0.834 Thread 0x0000014338cff980 nmethod 1614 0x000001431ee43610 code [0x000001431ee43840, 0x000001431ee44428]
Event: 0.834 Thread 0x0000014338cff980 1609       3       java.util.LinkedHashSet::<init> (10 bytes)
Event: 0.834 Thread 0x0000014338cff980 nmethod 1609 0x000001431ee44710 code [0x000001431ee448e0, 0x000001431ee44a28]
Event: 0.836 Thread 0x0000014338cff980 1615       3       com.sun.tools.javac.jvm.ClassReader::adjustClassFlags (28 bytes)
Event: 0.836 Thread 0x0000014338cff980 nmethod 1615 0x000001431ee44b10 code [0x000001431ee44ca0, 0x000001431ee44e38]
Event: 0.837 Thread 0x0000014338cff980 1616       3       com.sun.tools.javac.code.Scope$ScopeImpl$$Lambda$111/0x00000008011021f0::iterator (20 bytes)
Event: 0.837 Thread 0x0000014338cff980 nmethod 1616 0x000001431ee44f10 code [0x000001431ee450c0, 0x000001431ee45228]
Event: 0.837 Thread 0x0000014338cff980 1617       3       com.sun.tools.javac.code.DeferredCompletionFailureHandler$3::classSymbolCompleteFailed (1 bytes)
Event: 0.837 Thread 0x0000014338cff980 nmethod 1617 0x000001431ee45310 code [0x000001431ee454a0, 0x000001431ee455b8]
Event: 0.837 Thread 0x0000014338cff980 1618       3       com.sun.tools.javac.code.DeferredCompletionFailureHandler$3::classSymbolRemoved (1 bytes)
Event: 0.837 Thread 0x0000014338cff980 nmethod 1618 0x000001431ee45690 code [0x000001431ee45820, 0x000001431ee45938]
Event: 0.839 Thread 0x0000014338cff980 1619       3       java.lang.StringBuilder::append (10 bytes)
Event: 0.839 Thread 0x0000014338cff980 nmethod 1619 0x000001431ee45a10 code [0x000001431ee45bc0, 0x000001431ee45d08]
Event: 0.840 Thread 0x0000014338cff980 1620       3       com.sun.tools.javac.code.Scope$ScopeImpl::lambda$getSymbolsByName$2 (12 bytes)

GC Heap History (20 events):
Event: 0.404 GC heap before
{Heap before GC invocations=2 (full 0):
 garbage-first heap   total 8192K, used 3913K [0x0000000720c00000, 0x0000000800000000)
  region size 2048K, 2 young (4096K), 1 survivors (2048K)
 Metaspace       used 7738K, committed 7872K, reserved 1114112K
  class space    used 856K, committed 896K, reserved 1048576K
}
Event: 0.407 GC heap after
{Heap after GC invocations=3 (full 0):
 garbage-first heap   total 8192K, used 2634K [0x0000000720c00000, 0x0000000800000000)
  region size 2048K, 1 young (2048K), 1 survivors (2048K)
 Metaspace       used 7738K, committed 7872K, reserved 1114112K
  class space    used 856K, committed 896K, reserved 1048576K
}
Event: 0.450 GC heap before
{Heap before GC invocations=3 (full 0):
 garbage-first heap   total 8192K, used 4682K [0x0000000720c00000, 0x0000000800000000)
  region size 2048K, 2 young (4096K), 1 survivors (2048K)
 Metaspace       used 8062K, committed 8256K, reserved 1114112K
  class space    used 896K, committed 1024K, reserved 1048576K
}
Event: 0.452 GC heap after
{Heap after GC invocations=4 (full 0):
 garbage-first heap   total 8192K, used 2885K [0x0000000720c00000, 0x0000000800000000)
  region size 2048K, 1 young (2048K), 1 survivors (2048K)
 Metaspace       used 8062K, committed 8256K, reserved 1114112K
  class space    used 896K, committed 1024K, reserved 1048576K
}
Event: 0.471 GC heap before
{Heap before GC invocations=4 (full 0):
 garbage-first heap   total 8192K, used 4933K [0x0000000720c00000, 0x0000000800000000)
  region size 2048K, 2 young (4096K), 1 survivors (2048K)
 Metaspace       used 8126K, committed 8320K, reserved 1114112K
  class space    used 897K, committed 1024K, reserved 1048576K
}
Event: 0.473 GC heap after
{Heap after GC invocations=5 (full 0):
 garbage-first heap   total 12288K, used 3269K [0x0000000720c00000, 0x0000000800000000)
  region size 2048K, 1 young (2048K), 1 survivors (2048K)
 Metaspace       used 8126K, committed 8320K, reserved 1114112K
  class space    used 897K, committed 1024K, reserved 1048576K
}
Event: 0.488 GC heap before
{Heap before GC invocations=5 (full 0):
 garbage-first heap   total 12288K, used 5317K [0x0000000720c00000, 0x0000000800000000)
  region size 2048K, 2 young (4096K), 1 survivors (2048K)
 Metaspace       used 8196K, committed 8384K, reserved 1114112K
  class space    used 907K, committed 1024K, reserved 1048576K
}
Event: 0.490 GC heap after
{Heap after GC invocations=6 (full 0):
 garbage-first heap   total 12288K, used 3478K [0x0000000720c00000, 0x0000000800000000)
  region size 2048K, 1 young (2048K), 1 survivors (2048K)
 Metaspace       used 8196K, committed 8384K, reserved 1114112K
  class space    used 907K, committed 1024K, reserved 1048576K
}
Event: 0.498 GC heap before
{Heap before GC invocations=6 (full 0):
 garbage-first heap   total 12288K, used 5526K [0x0000000720c00000, 0x0000000800000000)
  region size 2048K, 2 young (4096K), 1 survivors (2048K)
 Metaspace       used 8226K, committed 8448K, reserved 1114112K
  class space    used 911K, committed 1024K, reserved 1048576K
}
Event: 0.499 GC heap after
{Heap after GC invocations=7 (full 0):
 garbage-first heap   total 12288K, used 3741K [0x0000000720c00000, 0x0000000800000000)
  region size 2048K, 1 young (2048K), 1 survivors (2048K)
 Metaspace       used 8226K, committed 8448K, reserved 1114112K
  class space    used 911K, committed 1024K, reserved 1048576K
}
Event: 0.524 GC heap before
{Heap before GC invocations=7 (full 0):
 garbage-first heap   total 12288K, used 5789K [0x0000000720c00000, 0x0000000800000000)
  region size 2048K, 2 young (4096K), 1 survivors (2048K)
 Metaspace       used 8334K, committed 8512K, reserved 1114112K
  class space    used 921K, committed 1024K, reserved 1048576K
}
Event: 0.527 GC heap after
{Heap after GC invocations=8 (full 0):
 garbage-first heap   total 12288K, used 4158K [0x0000000720c00000, 0x0000000800000000)
  region size 2048K, 1 young (2048K), 1 survivors (2048K)
 Metaspace       used 8334K, committed 8512K, reserved 1114112K
  class space    used 921K, committed 1024K, reserved 1048576K
}
Event: 0.550 GC heap before
{Heap before GC invocations=8 (full 0):
 garbage-first heap   total 12288K, used 6206K [0x0000000720c00000, 0x0000000800000000)
  region size 2048K, 2 young (4096K), 1 survivors (2048K)
 Metaspace       used 8415K, committed 8576K, reserved 1114112K
  class space    used 928K, committed 1024K, reserved 1048576K
}
Event: 0.554 GC heap after
{Heap after GC invocations=9 (full 0):
 garbage-first heap   total 24576K, used 4523K [0x0000000720c00000, 0x0000000800000000)
  region size 2048K, 1 young (2048K), 1 survivors (2048K)
 Metaspace       used 8415K, committed 8576K, reserved 1114112K
  class space    used 928K, committed 1024K, reserved 1048576K
}
Event: 0.643 GC heap before
{Heap before GC invocations=9 (full 0):
 garbage-first heap   total 24576K, used 12715K [0x0000000720c00000, 0x0000000800000000)
  region size 2048K, 5 young (10240K), 1 survivors (2048K)
 Metaspace       used 8795K, committed 9024K, reserved 1114112K
  class space    used 969K, committed 1088K, reserved 1048576K
}
Event: 0.648 GC heap after
{Heap after GC invocations=10 (full 0):
 garbage-first heap   total 24576K, used 6236K [0x0000000720c00000, 0x0000000800000000)
  region size 2048K, 1 young (2048K), 1 survivors (2048K)
 Metaspace       used 8795K, committed 9024K, reserved 1114112K
  class space    used 969K, committed 1088K, reserved 1048576K
}
Event: 0.716 GC heap before
{Heap before GC invocations=10 (full 0):
 garbage-first heap   total 24576K, used 10332K [0x0000000720c00000, 0x0000000800000000)
  region size 2048K, 3 young (6144K), 1 survivors (2048K)
 Metaspace       used 9050K, committed 9216K, reserved 1114112K
  class space    used 993K, committed 1088K, reserved 1048576K
}
Event: 0.720 GC heap after
{Heap after GC invocations=11 (full 0):
 garbage-first heap   total 24576K, used 7329K [0x0000000720c00000, 0x0000000800000000)
  region size 2048K, 1 young (2048K), 1 survivors (2048K)
 Metaspace       used 9050K, committed 9216K, reserved 1114112K
  class space    used 993K, committed 1088K, reserved 1048576K
}
Event: 0.796 GC heap before
{Heap before GC invocations=11 (full 0):
 garbage-first heap   total 24576K, used 11425K [0x0000000720c00000, 0x0000000800000000)
  region size 2048K, 3 young (6144K), 1 survivors (2048K)
 Metaspace       used 9223K, committed 9408K, reserved 1114112K
  class space    used 998K, committed 1088K, reserved 1048576K
}
Event: 0.798 GC heap after
{Heap after GC invocations=12 (full 0):
 garbage-first heap   total 24576K, used 7634K [0x0000000720c00000, 0x0000000800000000)
  region size 2048K, 1 young (2048K), 1 survivors (2048K)
 Metaspace       used 9223K, committed 9408K, reserved 1114112K
  class space    used 998K, committed 1088K, reserved 1048576K
}

Dll operation events (5 events):
Event: 0.008 Loaded shared library C:\Program Files\Java\jdk-19\bin\java.dll
Event: 0.017 Loaded shared library C:\Program Files\Java\jdk-19\bin\jsvml.dll
Event: 0.075 Loaded shared library C:\Program Files\Java\jdk-19\bin\jimage.dll
Event: 0.155 Loaded shared library C:\Program Files\Java\jdk-19\bin\net.dll
Event: 0.157 Loaded shared library C:\Program Files\Java\jdk-19\bin\nio.dll

Deoptimization events (20 events):
Event: 0.756 Thread 0x0000014316bd9be0 Uncommon trap: trap_request=0xffffffc6 fr.pc=0x0000014326678ba4 relative=0x0000000000000344
Event: 0.756 Thread 0x0000014316bd9be0 Uncommon trap: reason=bimorphic_or_optimized_type_check action=maybe_recompile pc=0x0000014326678ba4 method=java.util.HashMap.getNode(Ljava/lang/Object;)Ljava/util/HashMap$Node; @ 128 c2
Event: 0.756 Thread 0x0000014316bd9be0 DEOPT PACKING pc=0x0000014326678ba4 sp=0x0000003dab8fb580
Event: 0.756 Thread 0x0000014316bd9be0 DEOPT UNPACKING pc=0x00000143260d6da3 sp=0x0000003dab8fb4f8 mode 2
Event: 0.820 Thread 0x0000014316bd9be0 Uncommon trap: trap_request=0xffffffde fr.pc=0x0000014326673580 relative=0x00000000000002a0
Event: 0.820 Thread 0x0000014316bd9be0 Uncommon trap: reason=class_check action=maybe_recompile pc=0x0000014326673580 method=com.sun.tools.javac.file.BaseFileManager.getKind(Ljava/nio/file/Path;)Ljavax/tools/JavaFileObject$Kind; @ 1 c2
Event: 0.820 Thread 0x0000014316bd9be0 DEOPT PACKING pc=0x0000014326673580 sp=0x0000003dab8fdd10
Event: 0.820 Thread 0x0000014316bd9be0 DEOPT UNPACKING pc=0x00000143260d6da3 sp=0x0000003dab8fdc60 mode 2
Event: 0.825 Thread 0x0000014316bd9be0 Uncommon trap: trap_request=0xffffffde fr.pc=0x0000014326691670 relative=0x0000000000000450
Event: 0.825 Thread 0x0000014316bd9be0 Uncommon trap: reason=class_check action=maybe_recompile pc=0x0000014326691670 method=com.sun.tools.javac.code.Types$16.visitClassType(Lcom/sun/tools/javac/code/Type$ClassType;Ljava/lang/Void;)Lcom/sun/tools/javac/util/List; @ 46 c2
Event: 0.825 Thread 0x0000014316bd9be0 DEOPT PACKING pc=0x0000014326691670 sp=0x0000003dab8fc7c0
Event: 0.825 Thread 0x0000014316bd9be0 DEOPT UNPACKING pc=0x00000143260d6da3 sp=0x0000003dab8fc770 mode 2
Event: 0.837 Thread 0x0000014316bd9be0 Uncommon trap: trap_request=0xffffff45 fr.pc=0x000001432668e240 relative=0x0000000000000480
Event: 0.837 Thread 0x0000014316bd9be0 Uncommon trap: reason=unstable_if action=reinterpret pc=0x000001432668e240 method=com.sun.tools.javac.code.Scope$ScopeImpl.lookup(Lcom/sun/tools/javac/util/Name;Ljava/util/function/Predicate;)Lcom/sun/tools/javac/code/Scope$Entry; @ 19 c2
Event: 0.837 Thread 0x0000014316bd9be0 DEOPT PACKING pc=0x000001432668e240 sp=0x0000003dab8fcf00
Event: 0.837 Thread 0x0000014316bd9be0 DEOPT UNPACKING pc=0x00000143260d6da3 sp=0x0000003dab8fcd60 mode 2
Event: 0.837 Thread 0x0000014316bd9be0 Uncommon trap: trap_request=0xffffff45 fr.pc=0x000001432668ed20 relative=0x0000000000000460
Event: 0.837 Thread 0x0000014316bd9be0 Uncommon trap: reason=unstable_if action=reinterpret pc=0x000001432668ed20 method=com.sun.tools.javac.code.Scope$ScopeImpl.lookup(Lcom/sun/tools/javac/util/Name;Ljava/util/function/Predicate;)Lcom/sun/tools/javac/code/Scope$Entry; @ 19 c2
Event: 0.837 Thread 0x0000014316bd9be0 DEOPT PACKING pc=0x000001432668ed20 sp=0x0000003dab8fced0
Event: 0.837 Thread 0x0000014316bd9be0 DEOPT UNPACKING pc=0x00000143260d6da3 sp=0x0000003dab8fcdc0 mode 2

Classes loaded (20 events):
Event: 0.437 Loading class java/util/ImmutableCollections$Access
Event: 0.437 Loading class java/util/ImmutableCollections$Access done
Event: 0.437 Loading class java/util/ImmutableCollections$Access$1
Event: 0.437 Loading class jdk/internal/access/JavaUtilCollectionAccess
Event: 0.437 Loading class jdk/internal/access/JavaUtilCollectionAccess done
Event: 0.437 Loading class java/util/ImmutableCollections$Access$1 done
Event: 0.437 Loading class java/util/stream/Nodes$SpinedNodeBuilder
Event: 0.437 Loading class java/util/stream/Nodes$SpinedNodeBuilder done
Event: 0.438 Loading class sun/nio/fs/WindowsPath$WindowsPathWithAttributes
Event: 0.438 Loading class sun/nio/fs/BasicFileAttributesHolder
Event: 0.438 Loading class sun/nio/fs/BasicFileAttributesHolder done
Event: 0.438 Loading class sun/nio/fs/WindowsPath$WindowsPathWithAttributes done
Event: 0.444 Loading class jdk/internal/jimage/ImageReader$LinkNode
Event: 0.444 Loading class jdk/internal/jimage/ImageReader$LinkNode done
Event: 0.477 Loading class java/util/LinkedList$Node
Event: 0.477 Loading class java/util/LinkedList$Node done
Event: 0.511 Loading class java/util/BitSet
Event: 0.511 Loading class java/util/BitSet done
Event: 0.637 Loading class java/lang/invoke/MethodHandle$1
Event: 0.637 Loading class java/lang/invoke/MethodHandle$1 done

Classes unloaded (0 events):
No events

Classes redefined (0 events):
No events

Internal exceptions (20 events):
Event: 0.617 Thread 0x0000014316bd9be0 Exception <a 'sun/nio/fs/WindowsException'{0x0000000721da78a8}> (0x0000000721da78a8) 
thrown [s\open\src\hotspot\share\prims\jni.cpp, line 517]
Event: 0.617 Thread 0x0000014316bd9be0 Exception <a 'sun/nio/fs/WindowsException'{0x0000000721da89f8}> (0x0000000721da89f8) 
thrown [s\open\src\hotspot\share\prims\jni.cpp, line 517]
Event: 0.617 Thread 0x0000014316bd9be0 Exception <a 'sun/nio/fs/WindowsException'{0x0000000721da8d48}> (0x0000000721da8d48) 
thrown [s\open\src\hotspot\share\prims\jni.cpp, line 517]
Event: 0.654 Thread 0x0000014316bd9be0 Exception <a 'sun/nio/fs/WindowsException'{0x00000007222501f8}> (0x00000007222501f8) 
thrown [s\open\src\hotspot\share\prims\jni.cpp, line 517]
Event: 0.654 Thread 0x0000014316bd9be0 Exception <a 'sun/nio/fs/WindowsException'{0x0000000722250558}> (0x0000000722250558) 
thrown [s\open\src\hotspot\share\prims\jni.cpp, line 517]
Event: 0.654 Thread 0x0000014316bd9be0 Exception <a 'sun/nio/fs/WindowsException'{0x0000000722251c20}> (0x0000000722251c20) 
thrown [s\open\src\hotspot\share\prims\jni.cpp, line 517]
Event: 0.654 Thread 0x0000014316bd9be0 Exception <a 'sun/nio/fs/WindowsException'{0x0000000722251f50}> (0x0000000722251f50) 
thrown [s\open\src\hotspot\share\prims\jni.cpp, line 517]
Event: 0.725 Thread 0x0000014316bd9be0 Exception <a 'sun/nio/fs/WindowsException'{0x0000000722002868}> (0x0000000722002868) 
thrown [s\open\src\hotspot\share\prims\jni.cpp, line 517]
Event: 0.725 Thread 0x0000014316bd9be0 Exception <a 'sun/nio/fs/WindowsException'{0x0000000722002bb8}> (0x0000000722002bb8) 
thrown [s\open\src\hotspot\share\prims\jni.cpp, line 517]
Event: 0.725 Thread 0x0000014316bd9be0 Exception <a 'sun/nio/fs/WindowsException'{0x00000007220041e0}> (0x00000007220041e0) 
thrown [s\open\src\hotspot\share\prims\jni.cpp, line 517]
Event: 0.725 Thread 0x0000014316bd9be0 Exception <a 'sun/nio/fs/WindowsException'{0x00000007220044f0}> (0x00000007220044f0) 
thrown [s\open\src\hotspot\share\prims\jni.cpp, line 517]
Event: 0.729 Thread 0x0000014316bd9be0 Exception <a 'java/lang/NoSuchMethodError'{0x0000000722015940}: 'void java.lang.invoke.DirectMethodHandle$Holder.invokeVirtual(java.lang.Object, java.lang.Object)'> (0x0000000722015940) 
thrown [s\open\src\hotspot\share\interpreter\linkResolver.cpp, line 774]
Event: 0.826 Thread 0x0000014316bd9be0 Exception <a 'sun/nio/fs/WindowsException'{0x00000007222debe0}> (0x00000007222debe0) 
thrown [s\open\src\hotspot\share\prims\jni.cpp, line 517]
Event: 0.826 Thread 0x0000014316bd9be0 Exception <a 'sun/nio/fs/WindowsException'{0x00000007222def60}> (0x00000007222def60) 
thrown [s\open\src\hotspot\share\prims\jni.cpp, line 517]
Event: 0.826 Thread 0x0000014316bd9be0 Exception <a 'sun/nio/fs/WindowsException'{0x00000007222e0b60}> (0x00000007222e0b60) 
thrown [s\open\src\hotspot\share\prims\jni.cpp, line 517]
Event: 0.826 Thread 0x0000014316bd9be0 Exception <a 'sun/nio/fs/WindowsException'{0x00000007222e0ea8}> (0x00000007222e0ea8) 
thrown [s\open\src\hotspot\share\prims\jni.cpp, line 517]
Event: 0.838 Thread 0x0000014316bd9be0 Exception <a 'sun/nio/fs/WindowsException'{0x00000007223311f8}> (0x00000007223311f8) 
thrown [s\open\src\hotspot\share\prims\jni.cpp, line 517]
Event: 0.838 Thread 0x0000014316bd9be0 Exception <a 'sun/nio/fs/WindowsException'{0x0000000722331578}> (0x0000000722331578) 
thrown [s\open\src\hotspot\share\prims\jni.cpp, line 517]
Event: 0.839 Thread 0x0000014316bd9be0 Exception <a 'sun/nio/fs/WindowsException'{0x0000000722332c18}> (0x0000000722332c18) 
thrown [s\open\src\hotspot\share\prims\jni.cpp, line 517]
Event: 0.839 Thread 0x0000014316bd9be0 Exception <a 'sun/nio/fs/WindowsException'{0x0000000722332f58}> (0x0000000722332f58) 
thrown [s\open\src\hotspot\share\prims\jni.cpp, line 517]

VM Operations (20 events):
Event: 0.450 Executing VM operation: G1CollectForAllocation
Event: 0.453 Executing VM operation: G1CollectForAllocation done
Event: 0.471 Executing VM operation: G1CollectForAllocation
Event: 0.473 Executing VM operation: G1CollectForAllocation done
Event: 0.488 Executing VM operation: G1CollectForAllocation
Event: 0.490 Executing VM operation: G1CollectForAllocation done
Event: 0.498 Executing VM operation: G1CollectForAllocation
Event: 0.499 Executing VM operation: G1CollectForAllocation done
Event: 0.524 Executing VM operation: G1CollectForAllocation
Event: 0.527 Executing VM operation: G1CollectForAllocation done
Event: 0.550 Executing VM operation: G1CollectForAllocation
Event: 0.554 Executing VM operation: G1CollectForAllocation done
Event: 0.643 Executing VM operation: G1CollectForAllocation
Event: 0.648 Executing VM operation: G1CollectForAllocation done
Event: 0.706 Executing VM operation: ICBufferFull
Event: 0.706 Executing VM operation: ICBufferFull done
Event: 0.716 Executing VM operation: G1CollectForAllocation
Event: 0.721 Executing VM operation: G1CollectForAllocation done
Event: 0.796 Executing VM operation: G1CollectForAllocation
Event: 0.798 Executing VM operation: G1CollectForAllocation done

Events (14 events):
Event: 0.017 Thread 0x0000014316bd9be0 Thread added: 0x0000014316bd9be0
Event: 0.028 Thread 0x0000014338cda190 Thread added: 0x0000014338cda190
Event: 0.029 Thread 0x0000014338cdad60 Thread added: 0x0000014338cdad60
Event: 0.029 Thread 0x0000014338cdfdb0 Thread added: 0x0000014338cdfdb0
Event: 0.029 Thread 0x0000014338ce2890 Thread added: 0x0000014338ce2890
Event: 0.029 Thread 0x0000014338ce81f0 Thread added: 0x0000014338ce81f0
Event: 0.029 Thread 0x0000014338ce5770 Thread added: 0x0000014338ce5770
Event: 0.029 Thread 0x0000014338cf4100 Thread added: 0x0000014338cf4100
Event: 0.029 Thread 0x0000014338cff980 Thread added: 0x0000014338cff980
Event: 0.030 Thread 0x0000014338ce6760 Thread added: 0x0000014338ce6760
Event: 0.051 Thread 0x0000014338ce7ca0 Thread added: 0x0000014338ce7ca0
Event: 0.070 Thread 0x0000014338ce8740 Thread added: 0x0000014338ce8740
Event: 0.403 Thread 0x000001433d80e150 Thread added: 0x000001433d80e150
Event: 0.475 Thread 0x000001433d80c580 Thread added: 0x000001433d80c580


Dynamic libraries:
0x00007ff6e8c30000 - 0x00007ff6e8c38000 	C:\Program Files\Java\jdk-19\bin\javac.exe
0x00007ff9266d0000 - 0x00007ff9268e4000 	C:\WINDOWS\SYSTEM32\ntdll.dll
0x00007ff9265c0000 - 0x00007ff926682000 	C:\WINDOWS\System32\KERNEL32.DLL
0x00007ff923d70000 - 0x00007ff92410c000 	C:\WINDOWS\System32\KERNELBASE.dll
0x00007ff923c20000 - 0x00007ff923d31000 	C:\WINDOWS\System32\ucrtbase.dll
0x00007ff8fff30000 - 0x00007ff8fff4b000 	C:\Program Files\Java\jdk-19\bin\VCRUNTIME140.dll
0x00007ff913660000 - 0x00007ff913678000 	C:\Program Files\Java\jdk-19\bin\jli.dll
0x00007ff9250b0000 - 0x00007ff92515e000 	C:\WINDOWS\System32\ADVAPI32.dll
0x00007ff926450000 - 0x00007ff9264f7000 	C:\WINDOWS\System32\msvcrt.dll
0x00007ff925810000 - 0x00007ff9258b4000 	C:\WINDOWS\System32\sechost.dll
0x00007ff925160000 - 0x00007ff925277000 	C:\WINDOWS\System32\RPCRT4.dll
0x00007ff9258e0000 - 0x00007ff925a8b000 	C:\WINDOWS\System32\USER32.dll
0x00007ff90db40000 - 0x00007ff90ddce000 	C:\WINDOWS\WinSxS\amd64_microsoft.windows.common-controls_6595b64144ccf1df_6.0.22621.608_none_a9444ca7c10bb01d\COMCTL32.dll
0x00007ff923d40000 - 0x00007ff923d66000 	C:\WINDOWS\System32\win32u.dll
0x00007ff925280000 - 0x00007ff9252a9000 	C:\WINDOWS\System32\GDI32.dll
0x00007ff924300000 - 0x00007ff924413000 	C:\WINDOWS\System32\gdi32full.dll
0x00007ff91c6c0000 - 0x00007ff91c6ca000 	C:\WINDOWS\SYSTEM32\VERSION.dll
0x00007ff923b10000 - 0x00007ff923baa000 	C:\WINDOWS\System32\msvcp_win.dll
0x00007ff925620000 - 0x00007ff925651000 	C:\WINDOWS\System32\IMM32.DLL
0x00007ff918330000 - 0x00007ff91833c000 	C:\Program Files\Java\jdk-19\bin\vcruntime140_1.dll
0x00007ff8f2020000 - 0x00007ff8f20ae000 	C:\Program Files\Java\jdk-19\bin\msvcp140.dll
0x00007ff8d37c0000 - 0x00007ff8d4480000 	C:\Program Files\Java\jdk-19\bin\server\jvm.dll
0x00007ff90b9b0000 - 0x00007ff90b9b9000 	C:\WINDOWS\SYSTEM32\WSOCK32.dll
0x00007ff91c680000 - 0x00007ff91c6b4000 	C:\WINDOWS\SYSTEM32\WINMM.dll
0x00007ff9254f0000 - 0x00007ff925561000 	C:\WINDOWS\System32\WS2_32.dll
0x00007ff922b60000 - 0x00007ff922b78000 	C:\WINDOWS\SYSTEM32\kernel.appcore.dll
0x00007ff90d2a0000 - 0x00007ff90d2aa000 	C:\Program Files\Java\jdk-19\bin\jimage.dll
0x00007ff921270000 - 0x00007ff92149e000 	C:\WINDOWS\SYSTEM32\DBGHELP.DLL
0x00007ff924d20000 - 0x00007ff9250a9000 	C:\WINDOWS\System32\combase.dll
0x00007ff9253b0000 - 0x00007ff925487000 	C:\WINDOWS\System32\OLEAUT32.dll
0x00007ff90ede0000 - 0x00007ff90ee12000 	C:\WINDOWS\SYSTEM32\dbgcore.DLL
0x00007ff924280000 - 0x00007ff9242fb000 	C:\WINDOWS\System32\bcryptPrimitives.dll
0x00007ff8f4ee0000 - 0x00007ff8f4f06000 	C:\Program Files\Java\jdk-19\bin\java.dll
0x00007ff8f29c0000 - 0x00007ff8f2a97000 	C:\Program Files\Java\jdk-19\bin\jsvml.dll
0x00007ff924530000 - 0x00007ff924d20000 	C:\WINDOWS\System32\SHELL32.dll
0x00007ff921b20000 - 0x00007ff9223ed000 	C:\WINDOWS\SYSTEM32\windows.storage.dll
0x00007ff9219e0000 - 0x00007ff921b1e000 	C:\WINDOWS\SYSTEM32\wintypes.dll
0x00007ff9252b0000 - 0x00007ff9253a1000 	C:\WINDOWS\System32\SHCORE.dll
0x00007ff925490000 - 0x00007ff9254ee000 	C:\WINDOWS\System32\shlwapi.dll
0x00007ff923a40000 - 0x00007ff923a61000 	C:\WINDOWS\SYSTEM32\profapi.dll
0x00007ff8fbf50000 - 0x00007ff8fbf63000 	C:\Program Files\Java\jdk-19\bin\net.dll
0x00007ff91cd20000 - 0x00007ff91ce57000 	C:\WINDOWS\SYSTEM32\WINHTTP.dll
0x00007ff922fd0000 - 0x00007ff923039000 	C:\WINDOWS\system32\mswsock.dll
0x00007ff8f93d0000 - 0x00007ff8f93e6000 	C:\Program Files\Java\jdk-19\bin\nio.dll

dbghelp: loaded successfully - version: 4.0.5 - missing functions: none
symbol engine: initialized successfully - sym options: 0x614 - pdb path: .;C:\Program Files\Java\jdk-19\bin;C:\WINDOWS\SYSTEM32;C:\WINDOWS\WinSxS\amd64_microsoft.windows.common-controls_6595b64144ccf1df_6.0.22621.608_none_a9444ca7c10bb01d;C:\Program Files\Java\jdk-19\bin\server

VM Arguments:
jvm_args: -Dapplication.home=C:\Program Files\Java\jdk-19 --add-modules=ALL-DEFAULT -Xms8m -Djdk.module.main=jdk.compiler 
java_command: jdk.compiler/com.sun.tools.javac.Main -d C:\Users\Nekro\OneDrive\Documents\NetBeansProjects\nonan game src\build\classes -classpath C:\Users\Nekro\OneDrive\Documents\NetBeansProjects\nonan game src\build\classes -sourcepath C:\Users\Nekro\OneDrive\Documents\NetBeansProjects\nonan game src\src -target 1.8 -encoding UTF-8 -g -processorpath C:\Users\Nekro\OneDrive\Documents\NetBeansProjects\nonan game src\build\empty -s C:\Users\Nekro\OneDrive\Documents\NetBeansProjects\nonan game src\build\generated-sources\ap-source-output -source 1.8 C:\Users\Nekro\OneDrive\Documents\NetBeansProjects\nonan game src\src\Menu.java
java_class_path (initial): <not set>
Launcher Type: SUN_STANDARD

[Global flags]
     intx CICompilerCount                          = 4                                         {product} {ergonomic}
     uint ConcGCThreads                            = 2                                         {product} {ergonomic}
     uint G1ConcRefinementThreads                  = 8                                         {product} {ergonomic}
   size_t G1HeapRegionSize                         = 2097152                                   {product} {ergonomic}
    uintx GCDrainStackTargetSize                   = 64                                        {product} {ergonomic}
   size_t InitialHeapSize                          = 8388608                                   {product} {command line}
   size_t MarkStackSize                            = 4194304                                   {product} {ergonomic}
   size_t MaxHeapSize                              = 3745513472                                {product} {ergonomic}
   size_t MaxNewSize                               = 2246049792                                {product} {ergonomic}
   size_t MinHeapDeltaBytes                        = 2097152                                   {product} {ergonomic}
   size_t MinHeapSize                              = 8388608                                   {product} {command line}
    uintx NonNMethodCodeHeapSize                   = 5839372                                {pd product} {ergonomic}
    uintx NonProfiledCodeHeapSize                  = 122909434                              {pd product} {ergonomic}
    uintx ProfiledCodeHeapSize                     = 122909434                              {pd product} {ergonomic}
    uintx ReservedCodeCacheSize                    = 251658240                              {pd product} {ergonomic}
     bool SegmentedCodeCache                       = true                                      {product} {ergonomic}
   size_t SoftMaxHeapSize                          = 3745513472                             {manageable} {ergonomic}
     bool UseCompressedClassPointers               = true                           {product lp64_product} {ergonomic}
     bool UseCompressedOops                        = true                           {product lp64_product} {ergonomic}
     bool UseG1GC                                  = true                                      {product} {ergonomic}
     bool UseLargePagesIndividualAllocation        = false                                  {pd product} {ergonomic}

Logging:
Log output configuration:
 #0: stdout all=warning uptime,level,tags foldmultilines=false
 #1: stderr all=off uptime,level,tags foldmultilines=false

Environment Variables:
PATH=C:\Program Files\Common Files\Oracle\Java\javapath;C:\Program Files (x86)\Razer Chroma SDK\bin;C:\Program Files\Razer Chroma SDK\bin;C:\Program Files (x86)\Razer\ChromaBroadcast\bin;C:\Program Files\Razer\ChromaBroadcast\bin;C:\ProgramData\Oracle\Java\javapath;C:\WINDOWS\system32;C:\WINDOWS;C:\WINDOWS\System32\Wbem;C:\WINDOWS\System32\WindowsPowerShell\v1.0\;C:\WINDOWS\System32\OpenSSH\;C:\Program Files (x86)\dotnet\;C:\Program Files\dotnet\;C:\Users\Nekro\AppData\Local\Microsoft\WindowsApps;C:\WINDOWS\system32\config\systemprofile\AppData\Local\Microsoft\WindowsApps;C:\WINDOWS\system32;C:\WINDOWS;C:\WINDOWS\System32\Wbem;C:\WINDOWS\System32\WindowsPowerShell\v1.0\;C:\WINDOWS\System32\OpenSSH\;C:\Users\Nekro\AppData\Local\Microsoft\WindowsApps;C:\Users\Nekro\AppData\Local\Programs\Microsoft VS Code\bin;
USERNAME=Nekro
OS=Windows_NT
PROCESSOR_IDENTIFIER=AMD64 Family 23 Model 24 Stepping 1, AuthenticAMD
TMP=C:\Users\Nekro\AppData\Local\Temp
TEMP=C:\Users\Nekro\AppData\Local\Temp



---------------  S Y S T E M  ---------------

OS:
 Windows 11 , 64 bit Build 22621 (10.0.22621.1485)
OS uptime: 1 days 14:00 hours

CPU: total 8 (initial active 8) (8 cores per cpu, 2 threads per core) family 23 model 24 stepping 1 microcode 0x0, cx8, cmov, fxsr, ht, mmx, 3dnowpref, sse, sse2, sse3, ssse3, sse4a, sse4.1, sse4.2, popcnt, lzcnt, tsc, tscinvbit, avx, avx2, aes, clmul, bmi1, bmi2, adx, sha, fma, vzeroupper, clflush, clflushopt, rdtscp

Memory: 4k page, system-wide physical 14283M (5224M free)
TotalPageFile size 16652M (AvailPageFile size 3M)
current process WorkingSet (physical memory assigned to process): 93M, peak: 93M
current process commit charge ("private bytes"): 131M, peak: 132M

vm_info: Java HotSpot(TM) 64-Bit Server VM (19.0.1+10-21) for windows-amd64 JRE (19.0.1+10-21), built on 2022-09-14T12:45:06Z by "mach5one" with MS VC++ 17.1 (VS2022)

END.
